<?xml version="1.0" encoding="UTF-8"?>
<testsuite name="io.polybius.phonevalidator.MobilePhoneNumberValidatorTest" tests="1" skipped="0" failures="0" errors="0" timestamp="2022-03-28T09:24:26" hostname="DESKTOP-1H85HB3" time="0.035">
  <properties/>
  <testcase name="validAndInvalidPhoneNumbersTest()" classname="io.polybius.phonevalidator.MobilePhoneNumberValidatorTest" time="0.035"/>
  <system-out><![CDATA[]]></system-out>
  <system-err><![CDATA[]]></system-err>
</testsuite>
